{"/Users/victoria/Documents/Ynov/Tests/module-test/my-app/src/App.js": {"path":"/Users/victoria/Documents/Ynov/Tests/module-test/my-app/src/App.js","statementMap":{"0":{"start":{"line":14,"column":28},"end":{"line":16,"column":3}},"1":{"start":{"line":22,"column":18},"end":{"line":26,"column":3}},"2":{"start":{"line":23,"column":20},"end":{"line":23,"column":36}},"3":{"start":{"line":24,"column":4},"end":{"line":24,"column":22}},"4":{"start":{"line":25,"column":4},"end":{"line":25,"column":59}},"5":{"start":{"line":28,"column":2},"end":{"line":35,"column":4}}},"fnMap":{"0":{"name":"App","decl":{"start":{"line":13,"column":9},"end":{"line":13,"column":12}},"loc":{"start":{"line":13,"column":15},"end":{"line":36,"column":1}},"line":13},"1":{"name":"(anonymous_1)","decl":{"start":{"line":22,"column":18},"end":{"line":22,"column":19}},"loc":{"start":{"line":22,"column":28},"end":{"line":26,"column":3}},"line":22}},"branchMap":{"0":{"loc":{"start":{"line":15,"column":15},"end":{"line":15,"column":52}},"type":"binary-expr","locations":[{"start":{"line":15,"column":15},"end":{"line":15,"column":44}},{"start":{"line":15,"column":48},"end":{"line":15,"column":52}}],"line":15}},"s":{"0":0,"1":0,"2":0,"3":0,"4":0,"5":0},"f":{"0":0,"1":0},"b":{"0":[0,0]}}
,"/Users/victoria/Documents/Ynov/Tests/module-test/my-app/src/module.js": {"path":"/Users/victoria/Documents/Ynov/Tests/module-test/my-app/src/module.js","statementMap":{"0":{"start":{"line":10,"column":3},"end":{"line":11,"column":40}},"1":{"start":{"line":11,"column":6},"end":{"line":11,"column":40}},"2":{"start":{"line":14,"column":3},"end":{"line":15,"column":43}},"3":{"start":{"line":15,"column":6},"end":{"line":15,"column":43}},"4":{"start":{"line":18,"column":3},"end":{"line":19,"column":44}},"5":{"start":{"line":19,"column":6},"end":{"line":19,"column":44}},"6":{"start":{"line":22,"column":3},"end":{"line":23,"column":51}},"7":{"start":{"line":23,"column":6},"end":{"line":23,"column":51}},"8":{"start":{"line":26,"column":3},"end":{"line":27,"column":54}},"9":{"start":{"line":27,"column":6},"end":{"line":27,"column":54}},"10":{"start":{"line":30,"column":18},"end":{"line":30,"column":58}},"11":{"start":{"line":31,"column":13},"end":{"line":31,"column":55}},"12":{"start":{"line":33,"column":3},"end":{"line":34,"column":52}},"13":{"start":{"line":34,"column":6},"end":{"line":34,"column":52}},"14":{"start":{"line":36,"column":3},"end":{"line":36,"column":14}}},"fnMap":{"0":{"name":"calculateAge","decl":{"start":{"line":8,"column":16},"end":{"line":8,"column":28}},"loc":{"start":{"line":8,"column":32},"end":{"line":37,"column":1}},"line":8}},"branchMap":{"0":{"loc":{"start":{"line":10,"column":3},"end":{"line":11,"column":40}},"type":"if","locations":[{"start":{"line":10,"column":3},"end":{"line":11,"column":40}},{"start":{},"end":{}}],"line":10},"1":{"loc":{"start":{"line":14,"column":3},"end":{"line":15,"column":43}},"type":"if","locations":[{"start":{"line":14,"column":3},"end":{"line":15,"column":43}},{"start":{},"end":{}}],"line":14},"2":{"loc":{"start":{"line":18,"column":3},"end":{"line":19,"column":44}},"type":"if","locations":[{"start":{"line":18,"column":3},"end":{"line":19,"column":44}},{"start":{},"end":{}}],"line":18},"3":{"loc":{"start":{"line":22,"column":3},"end":{"line":23,"column":51}},"type":"if","locations":[{"start":{"line":22,"column":3},"end":{"line":23,"column":51}},{"start":{},"end":{}}],"line":22},"4":{"loc":{"start":{"line":22,"column":7},"end":{"line":22,"column":61}},"type":"binary-expr","locations":[{"start":{"line":22,"column":7},"end":{"line":22,"column":33}},{"start":{"line":22,"column":37},"end":{"line":22,"column":61}}],"line":22},"5":{"loc":{"start":{"line":26,"column":3},"end":{"line":27,"column":54}},"type":"if","locations":[{"start":{"line":26,"column":3},"end":{"line":27,"column":54}},{"start":{},"end":{}}],"line":26},"6":{"loc":{"start":{"line":33,"column":3},"end":{"line":34,"column":52}},"type":"if","locations":[{"start":{"line":33,"column":3},"end":{"line":34,"column":52}},{"start":{},"end":{}}],"line":33}},"s":{"0":23,"1":2,"2":21,"3":2,"4":19,"5":1,"6":18,"7":4,"8":14,"9":2,"10":12,"11":12,"12":12,"13":3,"14":9},"f":{"0":23},"b":{"0":[2,21],"1":[2,19],"2":[1,18],"3":[4,14],"4":[18,16],"5":[2,12],"6":[3,9]},"_coverageSchema":"1a1c01bbd47fc00a2c39e90264f33305004495a9","hash":"1021eaee60f479d58d6ae4d55f9aaba4d4931304"}
,"/Users/victoria/Documents/Ynov/Tests/module-test/my-app/src/validator.js": {"path":"/Users/victoria/Documents/Ynov/Tests/module-test/my-app/src/validator.js","statementMap":{"0":{"start":{"line":11,"column":15},"end":{"line":11,"column":30}},"1":{"start":{"line":13,"column":3},"end":{"line":14,"column":62}},"2":{"start":{"line":14,"column":6},"end":{"line":14,"column":62}},"3":{"start":{"line":15,"column":3},"end":{"line":15,"column":15}},"4":{"start":{"line":28,"column":3},"end":{"line":29,"column":41}},"5":{"start":{"line":29,"column":6},"end":{"line":29,"column":41}},"6":{"start":{"line":32,"column":3},"end":{"line":33,"column":44}},"7":{"start":{"line":33,"column":6},"end":{"line":33,"column":44}},"8":{"start":{"line":36,"column":3},"end":{"line":37,"column":42}},"9":{"start":{"line":37,"column":6},"end":{"line":37,"column":42}},"10":{"start":{"line":40,"column":3},"end":{"line":41,"column":45}},"11":{"start":{"line":41,"column":6},"end":{"line":41,"column":45}},"12":{"start":{"line":44,"column":3},"end":{"line":45,"column":44}},"13":{"start":{"line":45,"column":6},"end":{"line":45,"column":44}},"14":{"start":{"line":48,"column":27},"end":{"line":48,"column":34}},"15":{"start":{"line":49,"column":3},"end":{"line":50,"column":48}},"16":{"start":{"line":50,"column":6},"end":{"line":50,"column":48}},"17":{"start":{"line":53,"column":3},"end":{"line":54,"column":49}},"18":{"start":{"line":54,"column":6},"end":{"line":54,"column":49}},"19":{"start":{"line":57,"column":17},"end":{"line":57,"column":51}},"20":{"start":{"line":58,"column":17},"end":{"line":58,"column":51}},"21":{"start":{"line":61,"column":23},"end":{"line":61,"column":48}},"22":{"start":{"line":62,"column":21},"end":{"line":62,"column":34}},"23":{"start":{"line":63,"column":21},"end":{"line":63,"column":49}},"24":{"start":{"line":64,"column":21},"end":{"line":64,"column":49}},"25":{"start":{"line":66,"column":3},"end":{"line":67,"column":49}},"26":{"start":{"line":67,"column":6},"end":{"line":67,"column":49}},"27":{"start":{"line":69,"column":3},"end":{"line":70,"column":49}},"28":{"start":{"line":70,"column":6},"end":{"line":70,"column":49}},"29":{"start":{"line":72,"column":3},"end":{"line":72,"column":15}},"30":{"start":{"line":84,"column":4},"end":{"line":85,"column":62}},"31":{"start":{"line":85,"column":6},"end":{"line":85,"column":62}},"32":{"start":{"line":88,"column":4},"end":{"line":89,"column":49}},"33":{"start":{"line":89,"column":6},"end":{"line":89,"column":49}},"34":{"start":{"line":92,"column":3},"end":{"line":93,"column":45}},"35":{"start":{"line":93,"column":6},"end":{"line":93,"column":45}},"36":{"start":{"line":96,"column":3},"end":{"line":97,"column":47}},"37":{"start":{"line":97,"column":6},"end":{"line":97,"column":47}},"38":{"start":{"line":100,"column":22},"end":{"line":100,"column":70}},"39":{"start":{"line":101,"column":3},"end":{"line":102,"column":46}},"40":{"start":{"line":102,"column":6},"end":{"line":102,"column":46}},"41":{"start":{"line":104,"column":3},"end":{"line":104,"column":15}},"42":{"start":{"line":118,"column":3},"end":{"line":119,"column":46}},"43":{"start":{"line":119,"column":6},"end":{"line":119,"column":46}},"44":{"start":{"line":122,"column":3},"end":{"line":123,"column":44}},"45":{"start":{"line":123,"column":6},"end":{"line":123,"column":44}},"46":{"start":{"line":126,"column":3},"end":{"line":127,"column":43}},"47":{"start":{"line":127,"column":6},"end":{"line":127,"column":43}},"48":{"start":{"line":130,"column":3},"end":{"line":131,"column":48}},"49":{"start":{"line":131,"column":6},"end":{"line":131,"column":48}},"50":{"start":{"line":134,"column":3},"end":{"line":135,"column":52}},"51":{"start":{"line":135,"column":6},"end":{"line":135,"column":52}},"52":{"start":{"line":138,"column":26},"end":{"line":138,"column":48}},"53":{"start":{"line":139,"column":3},"end":{"line":140,"column":48}},"54":{"start":{"line":140,"column":6},"end":{"line":140,"column":48}},"55":{"start":{"line":143,"column":3},"end":{"line":144,"column":48}},"56":{"start":{"line":144,"column":6},"end":{"line":144,"column":48}},"57":{"start":{"line":147,"column":26},"end":{"line":147,"column":44}},"58":{"start":{"line":148,"column":3},"end":{"line":149,"column":48}},"59":{"start":{"line":149,"column":6},"end":{"line":149,"column":48}},"60":{"start":{"line":151,"column":3},"end":{"line":151,"column":15}},"61":{"start":{"line":156,"column":3},"end":{"line":157,"column":46}},"62":{"start":{"line":157,"column":6},"end":{"line":157,"column":46}},"63":{"start":{"line":160,"column":3},"end":{"line":161,"column":44}},"64":{"start":{"line":161,"column":6},"end":{"line":161,"column":44}},"65":{"start":{"line":164,"column":3},"end":{"line":165,"column":43}},"66":{"start":{"line":165,"column":6},"end":{"line":165,"column":43}},"67":{"start":{"line":168,"column":3},"end":{"line":169,"column":48}},"68":{"start":{"line":169,"column":6},"end":{"line":169,"column":48}},"69":{"start":{"line":172,"column":3},"end":{"line":173,"column":52}},"70":{"start":{"line":173,"column":6},"end":{"line":173,"column":52}},"71":{"start":{"line":176,"column":26},"end":{"line":176,"column":48}},"72":{"start":{"line":177,"column":3},"end":{"line":178,"column":48}},"73":{"start":{"line":178,"column":6},"end":{"line":178,"column":48}},"74":{"start":{"line":181,"column":3},"end":{"line":182,"column":48}},"75":{"start":{"line":182,"column":6},"end":{"line":182,"column":48}},"76":{"start":{"line":185,"column":26},"end":{"line":185,"column":44}},"77":{"start":{"line":186,"column":3},"end":{"line":187,"column":48}},"78":{"start":{"line":187,"column":6},"end":{"line":187,"column":48}},"79":{"start":{"line":189,"column":3},"end":{"line":189,"column":15}}},"fnMap":{"0":{"name":"validateAge","decl":{"start":{"line":10,"column":16},"end":{"line":10,"column":27}},"loc":{"start":{"line":10,"column":31},"end":{"line":16,"column":1}},"line":10},"1":{"name":"validateCodePostal","decl":{"start":{"line":26,"column":16},"end":{"line":26,"column":34}},"loc":{"start":{"line":26,"column":38},"end":{"line":73,"column":1}},"line":26},"2":{"name":"validateEmail","decl":{"start":{"line":82,"column":16},"end":{"line":82,"column":29}},"loc":{"start":{"line":82,"column":33},"end":{"line":105,"column":1}},"line":82},"3":{"name":"validateIdentity","decl":{"start":{"line":116,"column":16},"end":{"line":116,"column":32}},"loc":{"start":{"line":116,"column":36},"end":{"line":152,"column":1}},"line":116},"4":{"name":"validateCity","decl":{"start":{"line":154,"column":16},"end":{"line":154,"column":28}},"loc":{"start":{"line":154,"column":32},"end":{"line":190,"column":1}},"line":154}},"branchMap":{"0":{"loc":{"start":{"line":13,"column":3},"end":{"line":14,"column":62}},"type":"if","locations":[{"start":{"line":13,"column":3},"end":{"line":14,"column":62}},{"start":{},"end":{}}],"line":13},"1":{"loc":{"start":{"line":28,"column":3},"end":{"line":29,"column":41}},"type":"if","locations":[{"start":{"line":28,"column":3},"end":{"line":29,"column":41}},{"start":{},"end":{}}],"line":28},"2":{"loc":{"start":{"line":32,"column":3},"end":{"line":33,"column":44}},"type":"if","locations":[{"start":{"line":32,"column":3},"end":{"line":33,"column":44}},{"start":{},"end":{}}],"line":32},"3":{"loc":{"start":{"line":36,"column":3},"end":{"line":37,"column":42}},"type":"if","locations":[{"start":{"line":36,"column":3},"end":{"line":37,"column":42}},{"start":{},"end":{}}],"line":36},"4":{"loc":{"start":{"line":40,"column":3},"end":{"line":41,"column":45}},"type":"if","locations":[{"start":{"line":40,"column":3},"end":{"line":41,"column":45}},{"start":{},"end":{}}],"line":40},"5":{"loc":{"start":{"line":44,"column":3},"end":{"line":45,"column":44}},"type":"if","locations":[{"start":{"line":44,"column":3},"end":{"line":45,"column":44}},{"start":{},"end":{}}],"line":44},"6":{"loc":{"start":{"line":49,"column":3},"end":{"line":50,"column":48}},"type":"if","locations":[{"start":{"line":49,"column":3},"end":{"line":50,"column":48}},{"start":{},"end":{}}],"line":49},"7":{"loc":{"start":{"line":53,"column":3},"end":{"line":54,"column":49}},"type":"if","locations":[{"start":{"line":53,"column":3},"end":{"line":54,"column":49}},{"start":{},"end":{}}],"line":53},"8":{"loc":{"start":{"line":61,"column":23},"end":{"line":61,"column":48}},"type":"binary-expr","locations":[{"start":{"line":61,"column":23},"end":{"line":61,"column":33}},{"start":{"line":61,"column":37},"end":{"line":61,"column":48}}],"line":61},"9":{"loc":{"start":{"line":63,"column":21},"end":{"line":63,"column":49}},"type":"binary-expr","locations":[{"start":{"line":63,"column":21},"end":{"line":63,"column":33}},{"start":{"line":63,"column":37},"end":{"line":63,"column":49}}],"line":63},"10":{"loc":{"start":{"line":64,"column":21},"end":{"line":64,"column":49}},"type":"binary-expr","locations":[{"start":{"line":64,"column":21},"end":{"line":64,"column":33}},{"start":{"line":64,"column":37},"end":{"line":64,"column":49}}],"line":64},"11":{"loc":{"start":{"line":66,"column":3},"end":{"line":67,"column":49}},"type":"if","locations":[{"start":{"line":66,"column":3},"end":{"line":67,"column":49}},{"start":{},"end":{}}],"line":66},"12":{"loc":{"start":{"line":66,"column":7},"end":{"line":66,"column":47}},"type":"binary-expr","locations":[{"start":{"line":66,"column":7},"end":{"line":66,"column":19}},{"start":{"line":66,"column":23},"end":{"line":66,"column":33}},{"start":{"line":66,"column":37},"end":{"line":66,"column":47}}],"line":66},"13":{"loc":{"start":{"line":69,"column":3},"end":{"line":70,"column":49}},"type":"if","locations":[{"start":{"line":69,"column":3},"end":{"line":70,"column":49}},{"start":{},"end":{}}],"line":69},"14":{"loc":{"start":{"line":84,"column":4},"end":{"line":85,"column":62}},"type":"if","locations":[{"start":{"line":84,"column":4},"end":{"line":85,"column":62}},{"start":{},"end":{}}],"line":84},"15":{"loc":{"start":{"line":88,"column":4},"end":{"line":89,"column":49}},"type":"if","locations":[{"start":{"line":88,"column":4},"end":{"line":89,"column":49}},{"start":{},"end":{}}],"line":88},"16":{"loc":{"start":{"line":92,"column":3},"end":{"line":93,"column":45}},"type":"if","locations":[{"start":{"line":92,"column":3},"end":{"line":93,"column":45}},{"start":{},"end":{}}],"line":92},"17":{"loc":{"start":{"line":96,"column":3},"end":{"line":97,"column":47}},"type":"if","locations":[{"start":{"line":96,"column":3},"end":{"line":97,"column":47}},{"start":{},"end":{}}],"line":96},"18":{"loc":{"start":{"line":101,"column":3},"end":{"line":102,"column":46}},"type":"if","locations":[{"start":{"line":101,"column":3},"end":{"line":102,"column":46}},{"start":{},"end":{}}],"line":101},"19":{"loc":{"start":{"line":118,"column":3},"end":{"line":119,"column":46}},"type":"if","locations":[{"start":{"line":118,"column":3},"end":{"line":119,"column":46}},{"start":{},"end":{}}],"line":118},"20":{"loc":{"start":{"line":122,"column":3},"end":{"line":123,"column":44}},"type":"if","locations":[{"start":{"line":122,"column":3},"end":{"line":123,"column":44}},{"start":{},"end":{}}],"line":122},"21":{"loc":{"start":{"line":126,"column":3},"end":{"line":127,"column":43}},"type":"if","locations":[{"start":{"line":126,"column":3},"end":{"line":127,"column":43}},{"start":{},"end":{}}],"line":126},"22":{"loc":{"start":{"line":126,"column":7},"end":{"line":126,"column":26}},"type":"binary-expr","locations":[{"start":{"line":126,"column":7},"end":{"line":126,"column":14}},{"start":{"line":126,"column":18},"end":{"line":126,"column":26}}],"line":126},"23":{"loc":{"start":{"line":130,"column":3},"end":{"line":131,"column":48}},"type":"if","locations":[{"start":{"line":130,"column":3},"end":{"line":131,"column":48}},{"start":{},"end":{}}],"line":130},"24":{"loc":{"start":{"line":130,"column":7},"end":{"line":130,"column":64}},"type":"binary-expr","locations":[{"start":{"line":130,"column":7},"end":{"line":130,"column":33}},{"start":{"line":130,"column":37},"end":{"line":130,"column":64}}],"line":130},"25":{"loc":{"start":{"line":134,"column":3},"end":{"line":135,"column":52}},"type":"if","locations":[{"start":{"line":134,"column":3},"end":{"line":135,"column":52}},{"start":{},"end":{}}],"line":134},"26":{"loc":{"start":{"line":134,"column":7},"end":{"line":134,"column":52}},"type":"binary-expr","locations":[{"start":{"line":134,"column":7},"end":{"line":134,"column":27}},{"start":{"line":134,"column":31},"end":{"line":134,"column":52}}],"line":134},"27":{"loc":{"start":{"line":139,"column":3},"end":{"line":140,"column":48}},"type":"if","locations":[{"start":{"line":139,"column":3},"end":{"line":140,"column":48}},{"start":{},"end":{}}],"line":139},"28":{"loc":{"start":{"line":139,"column":7},"end":{"line":139,"column":66}},"type":"binary-expr","locations":[{"start":{"line":139,"column":7},"end":{"line":139,"column":34}},{"start":{"line":139,"column":38},"end":{"line":139,"column":66}}],"line":139},"29":{"loc":{"start":{"line":143,"column":3},"end":{"line":144,"column":48}},"type":"if","locations":[{"start":{"line":143,"column":3},"end":{"line":144,"column":48}},{"start":{},"end":{}}],"line":143},"30":{"loc":{"start":{"line":143,"column":7},"end":{"line":143,"column":46}},"type":"binary-expr","locations":[{"start":{"line":143,"column":7},"end":{"line":143,"column":24}},{"start":{"line":143,"column":28},"end":{"line":143,"column":46}}],"line":143},"31":{"loc":{"start":{"line":148,"column":3},"end":{"line":149,"column":48}},"type":"if","locations":[{"start":{"line":148,"column":3},"end":{"line":149,"column":48}},{"start":{},"end":{}}],"line":148},"32":{"loc":{"start":{"line":148,"column":7},"end":{"line":148,"column":67}},"type":"binary-expr","locations":[{"start":{"line":148,"column":7},"end":{"line":148,"column":35}},{"start":{"line":148,"column":38},"end":{"line":148,"column":67}}],"line":148},"33":{"loc":{"start":{"line":156,"column":3},"end":{"line":157,"column":46}},"type":"if","locations":[{"start":{"line":156,"column":3},"end":{"line":157,"column":46}},{"start":{},"end":{}}],"line":156},"34":{"loc":{"start":{"line":160,"column":3},"end":{"line":161,"column":44}},"type":"if","locations":[{"start":{"line":160,"column":3},"end":{"line":161,"column":44}},{"start":{},"end":{}}],"line":160},"35":{"loc":{"start":{"line":164,"column":3},"end":{"line":165,"column":43}},"type":"if","locations":[{"start":{"line":164,"column":3},"end":{"line":165,"column":43}},{"start":{},"end":{}}],"line":164},"36":{"loc":{"start":{"line":168,"column":3},"end":{"line":169,"column":48}},"type":"if","locations":[{"start":{"line":168,"column":3},"end":{"line":169,"column":48}},{"start":{},"end":{}}],"line":168},"37":{"loc":{"start":{"line":172,"column":3},"end":{"line":173,"column":52}},"type":"if","locations":[{"start":{"line":172,"column":3},"end":{"line":173,"column":52}},{"start":{},"end":{}}],"line":172},"38":{"loc":{"start":{"line":177,"column":3},"end":{"line":178,"column":48}},"type":"if","locations":[{"start":{"line":177,"column":3},"end":{"line":178,"column":48}},{"start":{},"end":{}}],"line":177},"39":{"loc":{"start":{"line":181,"column":3},"end":{"line":182,"column":48}},"type":"if","locations":[{"start":{"line":181,"column":3},"end":{"line":182,"column":48}},{"start":{},"end":{}}],"line":181},"40":{"loc":{"start":{"line":186,"column":3},"end":{"line":187,"column":48}},"type":"if","locations":[{"start":{"line":186,"column":3},"end":{"line":187,"column":48}},{"start":{},"end":{}}],"line":186}},"s":{"0":6,"1":5,"2":2,"3":3,"4":29,"5":2,"6":27,"7":2,"8":25,"9":3,"10":22,"11":1,"12":21,"13":1,"14":20,"15":20,"16":2,"17":18,"18":9,"19":9,"20":9,"21":9,"22":9,"23":9,"24":9,"25":9,"26":5,"27":4,"28":1,"29":3,"30":65,"31":3,"32":62,"33":2,"34":60,"35":2,"36":58,"37":1,"38":57,"39":57,"40":51,"41":6,"42":69,"43":1,"44":68,"45":2,"46":66,"47":21,"48":45,"49":3,"50":42,"51":4,"52":38,"53":38,"54":3,"55":35,"56":3,"57":32,"58":32,"59":7,"60":25,"61":29,"62":1,"63":28,"64":2,"65":26,"66":1,"67":25,"68":1,"69":24,"70":1,"71":23,"72":23,"73":1,"74":22,"75":1,"76":21,"77":21,"78":8,"79":13},"f":{"0":6,"1":29,"2":65,"3":69,"4":29},"b":{"0":[2,3],"1":[2,27],"2":[2,25],"3":[3,22],"4":[1,21],"5":[1,20],"6":[2,18],"7":[9,9],"8":[9,8],"9":[9,4],"10":[9,2],"11":[5,4],"12":[9,7,6],"13":[1,3],"14":[3,62],"15":[2,60],"16":[2,58],"17":[1,57],"18":[51,6],"19":[1,68],"20":[2,66],"21":[21,45],"22":[66,62],"23":[3,42],"24":[45,43],"25":[4,38],"26":[42,39],"27":[3,35],"28":[38,36],"29":[3,32],"30":[35,33],"31":[7,25],"32":[32,31],"33":[1,28],"34":[2,26],"35":[1,25],"36":[1,24],"37":[1,23],"38":[1,22],"39":[1,21],"40":[8,13]},"_coverageSchema":"1a1c01bbd47fc00a2c39e90264f33305004495a9","hash":"41206144e83e993ecb0c5322eb3773f69dc3df06"}
,"/Users/victoria/Documents/Ynov/Tests/module-test/my-app/src/pages/Home.js": {"path":"/Users/victoria/Documents/Ynov/Tests/module-test/my-app/src/pages/Home.js","statementMap":{"0":{"start":{"line":11,"column":2},"end":{"line":23,"column":4}},"1":{"start":{"line":20,"column":8},"end":{"line":20,"column":51}}},"fnMap":{"0":{"name":"Home","decl":{"start":{"line":10,"column":9},"end":{"line":10,"column":13}},"loc":{"start":{"line":10,"column":25},"end":{"line":24,"column":1}},"line":10},"1":{"name":"(anonymous_1)","decl":{"start":{"line":19,"column":17},"end":{"line":19,"column":18}},"loc":{"start":{"line":20,"column":8},"end":{"line":20,"column":51}},"line":20}},"branchMap":{},"s":{"0":0,"1":0},"f":{"0":0,"1":0},"b":{}}
,"/Users/victoria/Documents/Ynov/Tests/module-test/my-app/src/pages/Register.css": {"path":"/Users/victoria/Documents/Ynov/Tests/module-test/my-app/src/pages/Register.css","statementMap":{"0":{"start":{"line":1,"column":0},"end":{"line":1,"column":20}}},"fnMap":{},"branchMap":{},"s":{"0":1},"f":{},"b":{},"inputSourceMap":null,"_coverageSchema":"1a1c01bbd47fc00a2c39e90264f33305004495a9","hash":"741c0e2833fb97e56ecf9ad480c705b4f9fdc2e5"}
,"/Users/victoria/Documents/Ynov/Tests/module-test/my-app/src/pages/Register.js": {"path":"/Users/victoria/Documents/Ynov/Tests/module-test/my-app/src/pages/Register.js","statementMap":{"0":{"start":{"line":19,"column":34},"end":{"line":19,"column":46}},"1":{"start":{"line":20,"column":34},"end":{"line":20,"column":46}},"2":{"start":{"line":21,"column":34},"end":{"line":21,"column":49}},"3":{"start":{"line":24,"column":24},"end":{"line":24,"column":36}},"4":{"start":{"line":25,"column":26},"end":{"line":25,"column":38}},"5":{"start":{"line":26,"column":44},"end":{"line":26,"column":56}},"6":{"start":{"line":27,"column":44},"end":{"line":27,"column":59}},"7":{"start":{"line":30,"column":20},"end":{"line":30,"column":32}},"8":{"start":{"line":31,"column":32},"end":{"line":31,"column":44}},"9":{"start":{"line":32,"column":32},"end":{"line":32,"column":47}},"10":{"start":{"line":35,"column":26},"end":{"line":35,"column":38}},"11":{"start":{"line":36,"column":38},"end":{"line":36,"column":50}},"12":{"start":{"line":37,"column":38},"end":{"line":37,"column":53}},"13":{"start":{"line":40,"column":24},"end":{"line":40,"column":36}},"14":{"start":{"line":41,"column":36},"end":{"line":41,"column":48}},"15":{"start":{"line":42,"column":36},"end":{"line":42,"column":51}},"16":{"start":{"line":44,"column":28},"end":{"line":44,"column":40}},"17":{"start":{"line":51,"column":23},"end":{"line":65,"column":3}},"18":{"start":{"line":53,"column":4},"end":{"line":53,"column":57}},"19":{"start":{"line":56,"column":4},"end":{"line":56,"column":21}},"20":{"start":{"line":56,"column":22},"end":{"line":56,"column":38}},"21":{"start":{"line":56,"column":39},"end":{"line":56,"column":58}},"22":{"start":{"line":57,"column":4},"end":{"line":57,"column":16}},"23":{"start":{"line":57,"column":17},"end":{"line":57,"column":30}},"24":{"start":{"line":57,"column":31},"end":{"line":57,"column":52}},"25":{"start":{"line":57,"column":53},"end":{"line":57,"column":77}},"26":{"start":{"line":58,"column":4},"end":{"line":58,"column":14}},"27":{"start":{"line":58,"column":15},"end":{"line":58,"column":30}},"28":{"start":{"line":58,"column":31},"end":{"line":58,"column":49}},"29":{"start":{"line":59,"column":4},"end":{"line":59,"column":17}},"30":{"start":{"line":59,"column":18},"end":{"line":59,"column":36}},"31":{"start":{"line":59,"column":37},"end":{"line":59,"column":58}},"32":{"start":{"line":60,"column":4},"end":{"line":60,"column":16}},"33":{"start":{"line":60,"column":17},"end":{"line":60,"column":34}},"34":{"start":{"line":60,"column":35},"end":{"line":60,"column":55}},"35":{"start":{"line":63,"column":4},"end":{"line":63,"column":48}},"36":{"start":{"line":64,"column":4},"end":{"line":64,"column":41}},"37":{"start":{"line":64,"column":21},"end":{"line":64,"column":33}},"38":{"start":{"line":67,"column":2},"end":{"line":178,"column":6}},"39":{"start":{"line":72,"column":8},"end":{"line":72,"column":37}},"40":{"start":{"line":73,"column":8},"end":{"line":80,"column":9}},"41":{"start":{"line":74,"column":10},"end":{"line":74,"column":59}},"42":{"start":{"line":75,"column":10},"end":{"line":75,"column":26}},"43":{"start":{"line":76,"column":10},"end":{"line":76,"column":28}},"44":{"start":{"line":78,"column":10},"end":{"line":78,"column":35}},"45":{"start":{"line":79,"column":10},"end":{"line":79,"column":29}},"46":{"start":{"line":88,"column":8},"end":{"line":88,"column":32}},"47":{"start":{"line":89,"column":8},"end":{"line":96,"column":9}},"48":{"start":{"line":90,"column":10},"end":{"line":90,"column":67}},"49":{"start":{"line":91,"column":10},"end":{"line":91,"column":31}},"50":{"start":{"line":92,"column":10},"end":{"line":92,"column":33}},"51":{"start":{"line":94,"column":10},"end":{"line":94,"column":40}},"52":{"start":{"line":95,"column":10},"end":{"line":95,"column":34}},"53":{"start":{"line":101,"column":8},"end":{"line":101,"column":33}},"54":{"start":{"line":102,"column":8},"end":{"line":109,"column":9}},"55":{"start":{"line":103,"column":10},"end":{"line":103,"column":66}},"56":{"start":{"line":104,"column":10},"end":{"line":104,"column":31}},"57":{"start":{"line":105,"column":10},"end":{"line":105,"column":33}},"58":{"start":{"line":107,"column":10},"end":{"line":107,"column":40}},"59":{"start":{"line":108,"column":10},"end":{"line":108,"column":34}},"60":{"start":{"line":117,"column":8},"end":{"line":117,"column":32}},"61":{"start":{"line":118,"column":8},"end":{"line":125,"column":9}},"62":{"start":{"line":119,"column":10},"end":{"line":119,"column":49}},"63":{"start":{"line":120,"column":10},"end":{"line":120,"column":27}},"64":{"start":{"line":121,"column":10},"end":{"line":121,"column":29}},"65":{"start":{"line":123,"column":10},"end":{"line":123,"column":36}},"66":{"start":{"line":124,"column":10},"end":{"line":124,"column":30}},"67":{"start":{"line":133,"column":8},"end":{"line":133,"column":30}},"68":{"start":{"line":134,"column":8},"end":{"line":141,"column":9}},"69":{"start":{"line":135,"column":10},"end":{"line":135,"column":53}},"70":{"start":{"line":136,"column":10},"end":{"line":136,"column":25}},"71":{"start":{"line":137,"column":10},"end":{"line":137,"column":27}},"72":{"start":{"line":139,"column":10},"end":{"line":139,"column":34}},"73":{"start":{"line":140,"column":10},"end":{"line":140,"column":28}},"74":{"start":{"line":149,"column":8},"end":{"line":149,"column":33}},"75":{"start":{"line":150,"column":8},"end":{"line":157,"column":9}},"76":{"start":{"line":151,"column":10},"end":{"line":151,"column":51}},"77":{"start":{"line":152,"column":10},"end":{"line":152,"column":28}},"78":{"start":{"line":153,"column":10},"end":{"line":153,"column":30}},"79":{"start":{"line":155,"column":10},"end":{"line":155,"column":37}},"80":{"start":{"line":156,"column":10},"end":{"line":156,"column":31}}},"fnMap":{"0":{"name":"Register","decl":{"start":{"line":17,"column":9},"end":{"line":17,"column":17}},"loc":{"start":{"line":17,"column":31},"end":{"line":179,"column":1}},"line":17},"1":{"name":"(anonymous_1)","decl":{"start":{"line":51,"column":23},"end":{"line":51,"column":24}},"loc":{"start":{"line":51,"column":29},"end":{"line":65,"column":3}},"line":51},"2":{"name":"(anonymous_2)","decl":{"start":{"line":64,"column":15},"end":{"line":64,"column":16}},"loc":{"start":{"line":64,"column":21},"end":{"line":64,"column":33}},"line":64},"3":{"name":"(anonymous_3)","decl":{"start":{"line":71,"column":53},"end":{"line":71,"column":54}},"loc":{"start":{"line":71,"column":60},"end":{"line":81,"column":7}},"line":71},"4":{"name":"(anonymous_4)","decl":{"start":{"line":87,"column":36},"end":{"line":87,"column":37}},"loc":{"start":{"line":87,"column":43},"end":{"line":97,"column":7}},"line":87},"5":{"name":"(anonymous_5)","decl":{"start":{"line":100,"column":37},"end":{"line":100,"column":38}},"loc":{"start":{"line":100,"column":44},"end":{"line":110,"column":7}},"line":100},"6":{"name":"(anonymous_6)","decl":{"start":{"line":116,"column":36},"end":{"line":116,"column":37}},"loc":{"start":{"line":116,"column":43},"end":{"line":126,"column":7}},"line":116},"7":{"name":"(anonymous_7)","decl":{"start":{"line":132,"column":34},"end":{"line":132,"column":35}},"loc":{"start":{"line":132,"column":41},"end":{"line":142,"column":9}},"line":132},"8":{"name":"(anonymous_8)","decl":{"start":{"line":148,"column":37},"end":{"line":148,"column":38}},"loc":{"start":{"line":148,"column":44},"end":{"line":158,"column":5}},"line":148}},"branchMap":{"0":{"loc":{"start":{"line":82,"column":7},"end":{"line":82,"column":89}},"type":"binary-expr","locations":[{"start":{"line":82,"column":7},"end":{"line":82,"column":15}},{"start":{"line":82,"column":19},"end":{"line":82,"column":89}}],"line":82},"1":{"loc":{"start":{"line":111,"column":7},"end":{"line":111,"column":104}},"type":"binary-expr","locations":[{"start":{"line":111,"column":7},"end":{"line":111,"column":20}},{"start":{"line":111,"column":24},"end":{"line":111,"column":104}}],"line":111},"2":{"loc":{"start":{"line":127,"column":7},"end":{"line":127,"column":92}},"type":"binary-expr","locations":[{"start":{"line":127,"column":7},"end":{"line":127,"column":16}},{"start":{"line":127,"column":20},"end":{"line":127,"column":92}}],"line":127},"3":{"loc":{"start":{"line":143,"column":7},"end":{"line":143,"column":86}},"type":"binary-expr","locations":[{"start":{"line":143,"column":7},"end":{"line":143,"column":14}},{"start":{"line":143,"column":18},"end":{"line":143,"column":86}}],"line":143},"4":{"loc":{"start":{"line":159,"column":7},"end":{"line":159,"column":95}},"type":"binary-expr","locations":[{"start":{"line":159,"column":7},"end":{"line":159,"column":17}},{"start":{"line":159,"column":21},"end":{"line":159,"column":95}}],"line":159},"5":{"loc":{"start":{"line":165,"column":20},"end":{"line":165,"column":83}},"type":"binary-expr","locations":[{"start":{"line":165,"column":20},"end":{"line":165,"column":28}},{"start":{"line":165,"column":32},"end":{"line":165,"column":45}},{"start":{"line":165,"column":49},"end":{"line":165,"column":58}},{"start":{"line":165,"column":62},"end":{"line":165,"column":69}},{"start":{"line":165,"column":73},"end":{"line":165,"column":83}}],"line":165},"6":{"loc":{"start":{"line":172,"column":5},"end":{"line":176,"column":20}},"type":"binary-expr","locations":[{"start":{"line":172,"column":5},"end":{"line":172,"column":10}},{"start":{"line":172,"column":14},"end":{"line":176,"column":20}}],"line":172}},"s":{"0":110,"1":110,"2":110,"3":110,"4":110,"5":110,"6":110,"7":110,"8":110,"9":110,"10":110,"11":110,"12":110,"13":110,"14":110,"15":110,"16":110,"17":110,"18":1,"19":1,"20":1,"21":1,"22":1,"23":1,"24":1,"25":1,"26":1,"27":1,"28":1,"29":1,"30":1,"31":1,"32":1,"33":1,"34":1,"35":1,"36":1,"37":1,"38":110,"39":2,"40":2,"41":2,"42":1,"43":1,"44":1,"45":1,"46":26,"47":26,"48":26,"49":7,"50":7,"51":19,"52":19,"53":18,"54":18,"55":18,"56":11,"57":11,"58":7,"59":7,"60":20,"61":20,"62":20,"63":12,"64":12,"65":8,"66":8,"67":9,"68":9,"69":9,"70":1,"71":1,"72":8,"73":8,"74":32,"75":32,"76":32,"77":2,"78":2,"79":30,"80":30},"f":{"0":110,"1":1,"2":1,"3":2,"4":26,"5":18,"6":20,"7":9,"8":32},"b":{"0":[110,1],"1":[110,26],"2":[110,8],"3":[110,8],"4":[110,30],"5":[110,11,8,8,8],"6":[110,1]},"_coverageSchema":"1a1c01bbd47fc00a2c39e90264f33305004495a9","hash":"36ada6ea0a853b7276319e1ccb7fc198399657ec"}
}
