TN:
SF:src/App.js
FN:5,App
FNF:1
FNH:0
FNDA:0,App
DA:6,0
LF:1
LH:0
BRF:0
BRH:0
end_of_record
TN:
SF:src/module.js
FN:8,calculateAge
FNF:1
FNH:1
FNDA:23,calculateAge
DA:10,23
DA:11,2
DA:14,21
DA:15,2
DA:18,19
DA:19,1
DA:22,18
DA:23,4
DA:26,14
DA:27,2
DA:30,12
DA:31,12
DA:33,12
DA:34,3
DA:36,9
LF:15
LH:15
BRDA:10,0,0,2
BRDA:10,0,1,21
BRDA:14,1,0,2
BRDA:14,1,1,19
BRDA:18,2,0,1
BRDA:18,2,1,18
BRDA:22,3,0,4
BRDA:22,3,1,14
BRDA:22,4,0,18
BRDA:22,4,1,16
BRDA:26,5,0,2
BRDA:26,5,1,12
BRDA:33,6,0,3
BRDA:33,6,1,9
BRF:14
BRH:14
end_of_record
TN:
SF:src/validator.js
FN:10,validateAge
FN:26,validateCodePostal
FN:82,validateEmail
FN:116,validateIdentity
FN:154,validateCity
FNF:5
FNH:5
FNDA:6,validateAge
FNDA:29,validateCodePostal
FNDA:65,validateEmail
FNDA:69,validateIdentity
FNDA:29,validateCity
DA:11,6
DA:13,5
DA:14,2
DA:15,3
DA:28,29
DA:29,2
DA:32,27
DA:33,2
DA:36,25
DA:37,3
DA:40,22
DA:41,1
DA:44,21
DA:45,1
DA:48,20
DA:49,20
DA:50,2
DA:53,18
DA:54,9
DA:57,9
DA:58,9
DA:61,9
DA:62,9
DA:63,9
DA:64,9
DA:66,9
DA:67,5
DA:69,4
DA:70,1
DA:72,3
DA:84,65
DA:85,3
DA:88,62
DA:89,2
DA:92,60
DA:93,2
DA:96,58
DA:97,1
DA:100,57
DA:101,57
DA:102,51
DA:104,6
DA:118,69
DA:119,1
DA:122,68
DA:123,2
DA:126,66
DA:127,21
DA:130,45
DA:131,3
DA:134,42
DA:135,4
DA:138,38
DA:139,38
DA:140,3
DA:143,35
DA:144,3
DA:147,32
DA:148,32
DA:149,7
DA:151,25
DA:156,29
DA:157,1
DA:160,28
DA:161,2
DA:164,26
DA:165,1
DA:168,25
DA:169,1
DA:172,24
DA:173,1
DA:176,23
DA:177,23
DA:178,1
DA:181,22
DA:182,1
DA:185,21
DA:186,21
DA:187,8
DA:189,13
LF:80
LH:80
BRDA:13,0,0,2
BRDA:13,0,1,3
BRDA:28,1,0,2
BRDA:28,1,1,27
BRDA:32,2,0,2
BRDA:32,2,1,25
BRDA:36,3,0,3
BRDA:36,3,1,22
BRDA:40,4,0,1
BRDA:40,4,1,21
BRDA:44,5,0,1
BRDA:44,5,1,20
BRDA:49,6,0,2
BRDA:49,6,1,18
BRDA:53,7,0,9
BRDA:53,7,1,9
BRDA:61,8,0,9
BRDA:61,8,1,8
BRDA:63,9,0,9
BRDA:63,9,1,4
BRDA:64,10,0,9
BRDA:64,10,1,2
BRDA:66,11,0,5
BRDA:66,11,1,4
BRDA:66,12,0,9
BRDA:66,12,1,7
BRDA:66,12,2,6
BRDA:69,13,0,1
BRDA:69,13,1,3
BRDA:84,14,0,3
BRDA:84,14,1,62
BRDA:88,15,0,2
BRDA:88,15,1,60
BRDA:92,16,0,2
BRDA:92,16,1,58
BRDA:96,17,0,1
BRDA:96,17,1,57
BRDA:101,18,0,51
BRDA:101,18,1,6
BRDA:118,19,0,1
BRDA:118,19,1,68
BRDA:122,20,0,2
BRDA:122,20,1,66
BRDA:126,21,0,21
BRDA:126,21,1,45
BRDA:126,22,0,66
BRDA:126,22,1,62
BRDA:130,23,0,3
BRDA:130,23,1,42
BRDA:130,24,0,45
BRDA:130,24,1,43
BRDA:134,25,0,4
BRDA:134,25,1,38
BRDA:134,26,0,42
BRDA:134,26,1,39
BRDA:139,27,0,3
BRDA:139,27,1,35
BRDA:139,28,0,38
BRDA:139,28,1,36
BRDA:143,29,0,3
BRDA:143,29,1,32
BRDA:143,30,0,35
BRDA:143,30,1,33
BRDA:148,31,0,7
BRDA:148,31,1,25
BRDA:148,32,0,32
BRDA:148,32,1,31
BRDA:156,33,0,1
BRDA:156,33,1,28
BRDA:160,34,0,2
BRDA:160,34,1,26
BRDA:164,35,0,1
BRDA:164,35,1,25
BRDA:168,36,0,1
BRDA:168,36,1,24
BRDA:172,37,0,1
BRDA:172,37,1,23
BRDA:177,38,0,1
BRDA:177,38,1,22
BRDA:181,39,0,1
BRDA:181,39,1,21
BRDA:186,40,0,8
BRDA:186,40,1,13
BRF:83
BRH:83
end_of_record
TN:
SF:src/pages/Home.js
FN:10,Home
FNF:1
FNH:0
FNDA:0,Home
DA:11,0
LF:1
LH:0
BRF:0
BRH:0
end_of_record
TN:
SF:src/pages/Register.css
FNF:0
FNH:0
DA:1,1
LF:1
LH:1
BRF:0
BRH:0
end_of_record
TN:
SF:src/pages/Register.js
FN:17,Register
FN:51,(anonymous_1)
FN:70,(anonymous_2)
FN:77,(anonymous_3)
FN:93,(anonymous_4)
FN:106,(anonymous_5)
FN:122,(anonymous_6)
FN:138,(anonymous_7)
FN:154,(anonymous_8)
FNF:9
FNH:9
FNDA:110,Register
FNDA:1,(anonymous_1)
FNDA:1,(anonymous_2)
FNDA:2,(anonymous_3)
FNDA:26,(anonymous_4)
FNDA:18,(anonymous_5)
FNDA:20,(anonymous_6)
FNDA:9,(anonymous_7)
FNDA:32,(anonymous_8)
DA:19,110
DA:20,110
DA:21,110
DA:24,110
DA:25,110
DA:26,110
DA:27,110
DA:30,110
DA:31,110
DA:32,110
DA:35,110
DA:36,110
DA:37,110
DA:40,110
DA:41,110
DA:42,110
DA:44,110
DA:51,110
DA:55,1
DA:57,1
DA:59,1
DA:62,1
DA:63,1
DA:64,1
DA:65,1
DA:66,1
DA:69,1
DA:70,1
DA:73,110
DA:78,2
DA:79,2
DA:80,2
DA:81,1
DA:82,1
DA:84,1
DA:85,1
DA:94,26
DA:95,26
DA:96,26
DA:97,7
DA:98,7
DA:100,19
DA:101,19
DA:107,18
DA:108,18
DA:109,18
DA:110,11
DA:111,11
DA:113,7
DA:114,7
DA:123,20
DA:124,20
DA:125,20
DA:126,12
DA:127,12
DA:129,8
DA:130,8
DA:139,9
DA:140,9
DA:141,9
DA:142,1
DA:143,1
DA:145,8
DA:146,8
DA:155,32
DA:156,32
DA:157,32
DA:158,2
DA:159,2
DA:161,30
DA:162,30
LF:71
LH:71
BRDA:55,0,0,1
BRDA:55,0,1,1
BRDA:88,1,0,110
BRDA:88,1,1,1
BRDA:117,2,0,110
BRDA:117,2,1,26
BRDA:133,3,0,110
BRDA:133,3,1,8
BRDA:149,4,0,110
BRDA:149,4,1,8
BRDA:165,5,0,110
BRDA:165,5,1,30
BRDA:171,6,0,110
BRDA:171,6,1,11
BRDA:171,6,2,8
BRDA:171,6,3,8
BRDA:171,6,4,8
BRDA:178,7,0,110
BRDA:178,7,1,1
BRF:19
BRH:19
end_of_record
