TN:
SF:src/App.js
FN:13,App
FN:22,(anonymous_1)
FNF:2
FNH:2
FNDA:2,App
FNDA:1,(anonymous_1)
DA:14,2
DA:22,2
DA:23,1
DA:24,1
DA:25,1
DA:28,2
LF:6
LH:6
BRDA:15,0,0,2
BRDA:15,0,1,1
BRF:2
BRH:2
end_of_record
TN:
SF:src/module.js
FN:8,calculateAge
FNF:1
FNH:1
FNDA:24,calculateAge
DA:10,24
DA:11,2
DA:14,22
DA:15,2
DA:18,20
DA:19,1
DA:22,19
DA:23,4
DA:26,15
DA:27,2
DA:30,13
DA:31,13
DA:33,13
DA:34,3
DA:36,10
LF:15
LH:15
BRDA:10,0,0,2
BRDA:10,0,1,22
BRDA:14,1,0,2
BRDA:14,1,1,20
BRDA:18,2,0,1
BRDA:18,2,1,19
BRDA:22,3,0,4
BRDA:22,3,1,15
BRDA:22,4,0,19
BRDA:22,4,1,17
BRDA:26,5,0,2
BRDA:26,5,1,13
BRDA:33,6,0,3
BRDA:33,6,1,10
BRF:14
BRH:14
end_of_record
TN:
SF:src/validator.js
FN:10,validateAge
FN:26,validateCodePostal
FN:82,validateEmail
FN:116,validateIdentity
FN:154,validateCity
FNF:5
FNH:5
FNDA:7,validateAge
FNDA:34,validateCodePostal
FNDA:85,validateEmail
FNDA:84,validateIdentity
FNDA:38,validateCity
DA:11,7
DA:13,6
DA:14,2
DA:15,4
DA:28,34
DA:29,2
DA:32,32
DA:33,2
DA:36,30
DA:37,3
DA:40,27
DA:41,1
DA:44,26
DA:45,1
DA:48,25
DA:49,25
DA:50,2
DA:53,23
DA:54,13
DA:57,10
DA:58,10
DA:61,10
DA:62,10
DA:63,10
DA:64,10
DA:66,10
DA:67,5
DA:69,5
DA:70,1
DA:72,4
DA:84,85
DA:85,3
DA:88,82
DA:89,2
DA:92,80
DA:93,2
DA:96,78
DA:97,1
DA:100,77
DA:101,77
DA:102,69
DA:104,8
DA:118,84
DA:119,1
DA:122,83
DA:123,2
DA:126,81
DA:127,28
DA:130,53
DA:131,3
DA:134,50
DA:135,4
DA:138,46
DA:139,46
DA:140,3
DA:143,43
DA:144,3
DA:147,40
DA:148,40
DA:149,7
DA:151,33
DA:156,38
DA:157,1
DA:160,37
DA:161,2
DA:164,35
DA:165,1
DA:168,34
DA:169,1
DA:172,33
DA:173,1
DA:176,32
DA:177,32
DA:178,1
DA:181,31
DA:182,1
DA:185,30
DA:186,30
DA:187,8
DA:189,22
LF:80
LH:80
BRDA:13,0,0,2
BRDA:13,0,1,4
BRDA:28,1,0,2
BRDA:28,1,1,32
BRDA:32,2,0,2
BRDA:32,2,1,30
BRDA:36,3,0,3
BRDA:36,3,1,27
BRDA:40,4,0,1
BRDA:40,4,1,26
BRDA:44,5,0,1
BRDA:44,5,1,25
BRDA:49,6,0,2
BRDA:49,6,1,23
BRDA:53,7,0,13
BRDA:53,7,1,10
BRDA:61,8,0,10
BRDA:61,8,1,9
BRDA:63,9,0,10
BRDA:63,9,1,4
BRDA:64,10,0,10
BRDA:64,10,1,2
BRDA:66,11,0,5
BRDA:66,11,1,5
BRDA:66,12,0,10
BRDA:66,12,1,7
BRDA:66,12,2,6
BRDA:69,13,0,1
BRDA:69,13,1,4
BRDA:84,14,0,3
BRDA:84,14,1,82
BRDA:88,15,0,2
BRDA:88,15,1,80
BRDA:92,16,0,2
BRDA:92,16,1,78
BRDA:96,17,0,1
BRDA:96,17,1,77
BRDA:101,18,0,69
BRDA:101,18,1,8
BRDA:118,19,0,1
BRDA:118,19,1,83
BRDA:122,20,0,2
BRDA:122,20,1,81
BRDA:126,21,0,28
BRDA:126,21,1,53
BRDA:126,22,0,81
BRDA:126,22,1,77
BRDA:130,23,0,3
BRDA:130,23,1,50
BRDA:130,24,0,53
BRDA:130,24,1,51
BRDA:134,25,0,4
BRDA:134,25,1,46
BRDA:134,26,0,50
BRDA:134,26,1,47
BRDA:139,27,0,3
BRDA:139,27,1,43
BRDA:139,28,0,46
BRDA:139,28,1,44
BRDA:143,29,0,3
BRDA:143,29,1,40
BRDA:143,30,0,43
BRDA:143,30,1,41
BRDA:148,31,0,7
BRDA:148,31,1,33
BRDA:148,32,0,40
BRDA:148,32,1,39
BRDA:156,33,0,1
BRDA:156,33,1,37
BRDA:160,34,0,2
BRDA:160,34,1,35
BRDA:164,35,0,1
BRDA:164,35,1,34
BRDA:168,36,0,1
BRDA:168,36,1,33
BRDA:172,37,0,1
BRDA:172,37,1,32
BRDA:177,38,0,1
BRDA:177,38,1,31
BRDA:181,39,0,1
BRDA:181,39,1,30
BRDA:186,40,0,8
BRDA:186,40,1,22
BRF:83
BRH:83
end_of_record
TN:
SF:src/pages/Home.js
FN:10,Home
FN:20,(anonymous_1)
FNF:2
FNH:2
FNDA:6,Home
FNDA:4,(anonymous_1)
DA:11,6
DA:21,4
LF:2
LH:2
BRDA:19,0,0,1
BRDA:19,0,1,5
BRDA:19,1,0,1
BRDA:19,1,1,5
BRF:4
BRH:4
end_of_record
TN:
SF:src/pages/Register.css
FNF:0
FNH:0
DA:1,2
LF:1
LH:1
BRF:0
BRH:0
end_of_record
TN:
SF:src/pages/Register.js
FN:18,Register
FN:52,(anonymous_1)
FN:65,(anonymous_2)
FN:72,(anonymous_3)
FN:88,(anonymous_4)
FN:101,(anonymous_5)
FN:117,(anonymous_6)
FN:133,(anonymous_7)
FN:149,(anonymous_8)
FNF:9
FNH:9
FNDA:163,Register
FNDA:2,(anonymous_1)
FNDA:2,(anonymous_2)
FNDA:3,(anonymous_3)
FNDA:33,(anonymous_4)
FNDA:26,(anonymous_5)
FNDA:29,(anonymous_6)
FNDA:14,(anonymous_7)
FNDA:52,(anonymous_8)
DA:20,163
DA:21,163
DA:22,163
DA:25,163
DA:26,163
DA:27,163
DA:28,163
DA:31,163
DA:32,163
DA:33,163
DA:36,163
DA:37,163
DA:38,163
DA:41,163
DA:42,163
DA:43,163
DA:45,163
DA:52,163
DA:54,2
DA:57,2
DA:58,2
DA:59,2
DA:60,2
DA:61,2
DA:64,2
DA:65,2
DA:68,163
DA:73,3
DA:74,3
DA:75,3
DA:76,2
DA:77,2
DA:79,1
DA:80,1
DA:89,33
DA:90,33
DA:91,33
DA:92,7
DA:93,7
DA:95,26
DA:96,26
DA:102,26
DA:103,26
DA:104,26
DA:105,19
DA:106,19
DA:108,7
DA:109,7
DA:118,29
DA:119,29
DA:120,29
DA:121,21
DA:122,21
DA:124,8
DA:125,8
DA:134,14
DA:135,14
DA:136,14
DA:137,2
DA:138,2
DA:140,12
DA:141,12
DA:150,52
DA:151,52
DA:152,52
DA:153,4
DA:154,4
DA:156,48
DA:157,48
LF:69
LH:69
BRDA:83,0,0,163
BRDA:83,0,1,1
BRDA:112,1,0,163
BRDA:112,1,1,33
BRDA:128,2,0,163
BRDA:128,2,1,8
BRDA:144,3,0,163
BRDA:144,3,1,12
BRDA:160,4,0,163
BRDA:160,4,1,48
BRDA:166,5,0,163
BRDA:166,5,1,12
BRDA:166,5,2,9
BRDA:166,5,3,9
BRDA:166,5,4,9
BRDA:177,6,0,163
BRDA:177,6,1,2
BRF:17
BRH:17
end_of_record
