<?xml version="1.0" encoding="UTF-8"?>
<coverage generated="1770402589479" clover="3.2.0">
  <project timestamp="1770402589479" name="All files">
    <metrics statements="72" coveredstatements="72" conditionals="78" coveredconditionals="78" methods="5" coveredmethods="5" elements="155" coveredelements="155" complexity="0" loc="72" ncloc="72" packages="1" files="2" classes="2"/>
    <file name="module.js" path="/Users/victoria/Documents/Ynov/Tests/module-test/module.js">
      <metrics statements="11" coveredstatements="11" conditionals="10" coveredconditionals="10" methods="1" coveredmethods="1"/>
      <line num="10" count="16" type="cond" truecount="2" falsecount="0"/>
      <line num="11" count="2" type="stmt"/>
      <line num="14" count="14" type="cond" truecount="2" falsecount="0"/>
      <line num="15" count="2" type="stmt"/>
      <line num="18" count="12" type="cond" truecount="2" falsecount="0"/>
      <line num="19" count="1" type="stmt"/>
      <line num="22" count="11" type="cond" truecount="4" falsecount="0"/>
      <line num="23" count="3" type="stmt"/>
      <line num="25" count="8" type="stmt"/>
      <line num="26" count="8" type="stmt"/>
      <line num="27" count="8" type="stmt"/>
    </file>
    <file name="validator.js" path="/Users/victoria/Documents/Ynov/Tests/module-test/validator.js">
      <metrics statements="61" coveredstatements="61" conditionals="68" coveredconditionals="68" methods="4" coveredmethods="4"/>
      <line num="11" count="4" type="stmt"/>
      <line num="13" count="4" type="cond" truecount="2" falsecount="0"/>
      <line num="14" count="2" type="stmt"/>
      <line num="16" count="2" type="stmt"/>
      <line num="29" count="20" type="cond" truecount="2" falsecount="0"/>
      <line num="30" count="2" type="stmt"/>
      <line num="33" count="18" type="cond" truecount="2" falsecount="0"/>
      <line num="34" count="2" type="stmt"/>
      <line num="37" count="16" type="cond" truecount="2" falsecount="0"/>
      <line num="38" count="2" type="stmt"/>
      <line num="41" count="14" type="cond" truecount="2" falsecount="0"/>
      <line num="42" count="1" type="stmt"/>
      <line num="45" count="13" type="cond" truecount="2" falsecount="0"/>
      <line num="46" count="1" type="stmt"/>
      <line num="49" count="12" type="stmt"/>
      <line num="50" count="12" type="cond" truecount="2" falsecount="0"/>
      <line num="51" count="2" type="stmt"/>
      <line num="54" count="10" type="cond" truecount="2" falsecount="0"/>
      <line num="55" count="2" type="stmt"/>
      <line num="58" count="8" type="stmt"/>
      <line num="59" count="8" type="stmt"/>
      <line num="62" count="8" type="cond" truecount="2" falsecount="0"/>
      <line num="63" count="8" type="cond" truecount="2" falsecount="0"/>
      <line num="64" count="8" type="cond" truecount="2" falsecount="0"/>
      <line num="66" count="8" type="cond" truecount="6" falsecount="0"/>
      <line num="67" count="5" type="stmt"/>
      <line num="69" count="3" type="stmt"/>
      <line num="70" count="3" type="cond" truecount="2" falsecount="0"/>
      <line num="71" count="1" type="stmt"/>
      <line num="73" count="2" type="stmt"/>
      <line num="85" count="21" type="cond" truecount="2" falsecount="0"/>
      <line num="86" count="3" type="stmt"/>
      <line num="89" count="18" type="cond" truecount="2" falsecount="0"/>
      <line num="90" count="2" type="stmt"/>
      <line num="93" count="16" type="cond" truecount="2" falsecount="0"/>
      <line num="94" count="1" type="stmt"/>
      <line num="97" count="15" type="cond" truecount="2" falsecount="0"/>
      <line num="98" count="1" type="stmt"/>
      <line num="101" count="14" type="stmt"/>
      <line num="102" count="14" type="cond" truecount="2" falsecount="0"/>
      <line num="103" count="10" type="stmt"/>
      <line num="105" count="4" type="stmt"/>
      <line num="119" count="25" type="cond" truecount="2" falsecount="0"/>
      <line num="120" count="1" type="stmt"/>
      <line num="123" count="24" type="cond" truecount="2" falsecount="0"/>
      <line num="124" count="2" type="stmt"/>
      <line num="127" count="22" type="cond" truecount="4" falsecount="0"/>
      <line num="128" count="2" type="stmt"/>
      <line num="131" count="20" type="cond" truecount="4" falsecount="0"/>
      <line num="132" count="3" type="stmt"/>
      <line num="135" count="17" type="cond" truecount="4" falsecount="0"/>
      <line num="136" count="3" type="stmt"/>
      <line num="139" count="14" type="stmt"/>
      <line num="140" count="14" type="cond" truecount="4" falsecount="0"/>
      <line num="141" count="3" type="stmt"/>
      <line num="144" count="11" type="cond" truecount="4" falsecount="0"/>
      <line num="145" count="3" type="stmt"/>
      <line num="148" count="8" type="stmt"/>
      <line num="149" count="8" type="cond" truecount="4" falsecount="0"/>
      <line num="150" count="1" type="stmt"/>
      <line num="152" count="7" type="stmt"/>
    </file>
  </project>
</coverage>
