{"/Users/victoria/Documents/Ynov/Tests/module-test/module.js": {"path":"/Users/victoria/Documents/Ynov/Tests/module-test/module.js","statementMap":{"0":{"start":{"line":10,"column":3},"end":{"line":11,"column":40}},"1":{"start":{"line":11,"column":6},"end":{"line":11,"column":40}},"2":{"start":{"line":14,"column":3},"end":{"line":15,"column":43}},"3":{"start":{"line":15,"column":6},"end":{"line":15,"column":43}},"4":{"start":{"line":18,"column":3},"end":{"line":19,"column":44}},"5":{"start":{"line":19,"column":6},"end":{"line":19,"column":44}},"6":{"start":{"line":22,"column":3},"end":{"line":23,"column":51}},"7":{"start":{"line":23,"column":6},"end":{"line":23,"column":51}},"8":{"start":{"line":25,"column":18},"end":{"line":25,"column":58}},"9":{"start":{"line":26,"column":13},"end":{"line":26,"column":55}},"10":{"start":{"line":27,"column":3},"end":{"line":27,"column":14}}},"fnMap":{"0":{"name":"calculateAge","decl":{"start":{"line":8,"column":16},"end":{"line":8,"column":28}},"loc":{"start":{"line":8,"column":32},"end":{"line":28,"column":1}},"line":8}},"branchMap":{"0":{"loc":{"start":{"line":10,"column":3},"end":{"line":11,"column":40}},"type":"if","locations":[{"start":{"line":10,"column":3},"end":{"line":11,"column":40}},{"start":{},"end":{}}],"line":10},"1":{"loc":{"start":{"line":14,"column":3},"end":{"line":15,"column":43}},"type":"if","locations":[{"start":{"line":14,"column":3},"end":{"line":15,"column":43}},{"start":{},"end":{}}],"line":14},"2":{"loc":{"start":{"line":18,"column":3},"end":{"line":19,"column":44}},"type":"if","locations":[{"start":{"line":18,"column":3},"end":{"line":19,"column":44}},{"start":{},"end":{}}],"line":18},"3":{"loc":{"start":{"line":22,"column":3},"end":{"line":23,"column":51}},"type":"if","locations":[{"start":{"line":22,"column":3},"end":{"line":23,"column":51}},{"start":{},"end":{}}],"line":22},"4":{"loc":{"start":{"line":22,"column":7},"end":{"line":22,"column":61}},"type":"binary-expr","locations":[{"start":{"line":22,"column":7},"end":{"line":22,"column":33}},{"start":{"line":22,"column":37},"end":{"line":22,"column":61}}],"line":22}},"s":{"0":16,"1":2,"2":14,"3":2,"4":12,"5":1,"6":11,"7":3,"8":8,"9":8,"10":8},"f":{"0":16},"b":{"0":[2,14],"1":[2,12],"2":[1,11],"3":[3,8],"4":[11,9]},"_coverageSchema":"1a1c01bbd47fc00a2c39e90264f33305004495a9","hash":"6e416d70b621fdbdd77c2542c97d226982a5d21c"}
,"/Users/victoria/Documents/Ynov/Tests/module-test/validator.js": {"path":"/Users/victoria/Documents/Ynov/Tests/module-test/validator.js","statementMap":{"0":{"start":{"line":11,"column":15},"end":{"line":11,"column":30}},"1":{"start":{"line":13,"column":3},"end":{"line":14,"column":62}},"2":{"start":{"line":14,"column":6},"end":{"line":14,"column":62}},"3":{"start":{"line":16,"column":4},"end":{"line":16,"column":16}},"4":{"start":{"line":29,"column":3},"end":{"line":30,"column":41}},"5":{"start":{"line":30,"column":6},"end":{"line":30,"column":41}},"6":{"start":{"line":33,"column":3},"end":{"line":34,"column":44}},"7":{"start":{"line":34,"column":6},"end":{"line":34,"column":44}},"8":{"start":{"line":37,"column":3},"end":{"line":38,"column":42}},"9":{"start":{"line":38,"column":6},"end":{"line":38,"column":42}},"10":{"start":{"line":41,"column":3},"end":{"line":42,"column":45}},"11":{"start":{"line":42,"column":6},"end":{"line":42,"column":45}},"12":{"start":{"line":45,"column":3},"end":{"line":46,"column":44}},"13":{"start":{"line":46,"column":6},"end":{"line":46,"column":44}},"14":{"start":{"line":49,"column":27},"end":{"line":49,"column":34}},"15":{"start":{"line":50,"column":3},"end":{"line":51,"column":48}},"16":{"start":{"line":51,"column":6},"end":{"line":51,"column":48}},"17":{"start":{"line":54,"column":3},"end":{"line":55,"column":49}},"18":{"start":{"line":55,"column":6},"end":{"line":55,"column":49}},"19":{"start":{"line":58,"column":17},"end":{"line":58,"column":51}},"20":{"start":{"line":59,"column":17},"end":{"line":59,"column":51}},"21":{"start":{"line":62,"column":23},"end":{"line":62,"column":48}},"22":{"start":{"line":63,"column":21},"end":{"line":63,"column":49}},"23":{"start":{"line":64,"column":21},"end":{"line":64,"column":49}},"24":{"start":{"line":66,"column":3},"end":{"line":67,"column":49}},"25":{"start":{"line":67,"column":6},"end":{"line":67,"column":49}},"26":{"start":{"line":69,"column":21},"end":{"line":69,"column":34}},"27":{"start":{"line":70,"column":3},"end":{"line":71,"column":51}},"28":{"start":{"line":71,"column":8},"end":{"line":71,"column":51}},"29":{"start":{"line":73,"column":3},"end":{"line":73,"column":15}},"30":{"start":{"line":85,"column":4},"end":{"line":86,"column":64}},"31":{"start":{"line":86,"column":8},"end":{"line":86,"column":64}},"32":{"start":{"line":89,"column":4},"end":{"line":90,"column":50}},"33":{"start":{"line":90,"column":7},"end":{"line":90,"column":50}},"34":{"start":{"line":93,"column":3},"end":{"line":94,"column":45}},"35":{"start":{"line":94,"column":6},"end":{"line":94,"column":45}},"36":{"start":{"line":97,"column":3},"end":{"line":98,"column":47}},"37":{"start":{"line":98,"column":6},"end":{"line":98,"column":47}},"38":{"start":{"line":101,"column":22},"end":{"line":101,"column":50}},"39":{"start":{"line":102,"column":3},"end":{"line":103,"column":46}},"40":{"start":{"line":103,"column":6},"end":{"line":103,"column":46}},"41":{"start":{"line":105,"column":3},"end":{"line":105,"column":15}},"42":{"start":{"line":119,"column":3},"end":{"line":120,"column":46}},"43":{"start":{"line":120,"column":6},"end":{"line":120,"column":46}},"44":{"start":{"line":123,"column":3},"end":{"line":124,"column":44}},"45":{"start":{"line":124,"column":6},"end":{"line":124,"column":44}},"46":{"start":{"line":127,"column":3},"end":{"line":128,"column":43}},"47":{"start":{"line":128,"column":6},"end":{"line":128,"column":43}},"48":{"start":{"line":131,"column":3},"end":{"line":132,"column":48}},"49":{"start":{"line":132,"column":6},"end":{"line":132,"column":48}},"50":{"start":{"line":135,"column":3},"end":{"line":136,"column":52}},"51":{"start":{"line":136,"column":6},"end":{"line":136,"column":52}},"52":{"start":{"line":139,"column":26},"end":{"line":139,"column":48}},"53":{"start":{"line":140,"column":3},"end":{"line":141,"column":48}},"54":{"start":{"line":141,"column":6},"end":{"line":141,"column":48}},"55":{"start":{"line":144,"column":3},"end":{"line":145,"column":48}},"56":{"start":{"line":145,"column":6},"end":{"line":145,"column":48}},"57":{"start":{"line":148,"column":26},"end":{"line":148,"column":44}},"58":{"start":{"line":149,"column":3},"end":{"line":150,"column":48}},"59":{"start":{"line":150,"column":6},"end":{"line":150,"column":48}},"60":{"start":{"line":152,"column":3},"end":{"line":152,"column":15}}},"fnMap":{"0":{"name":"validateAge","decl":{"start":{"line":10,"column":16},"end":{"line":10,"column":27}},"loc":{"start":{"line":10,"column":31},"end":{"line":17,"column":1}},"line":10},"1":{"name":"validateCodePostal","decl":{"start":{"line":27,"column":16},"end":{"line":27,"column":34}},"loc":{"start":{"line":27,"column":38},"end":{"line":74,"column":1}},"line":27},"2":{"name":"validateEmail","decl":{"start":{"line":83,"column":16},"end":{"line":83,"column":29}},"loc":{"start":{"line":83,"column":33},"end":{"line":106,"column":1}},"line":83},"3":{"name":"validateIdentity","decl":{"start":{"line":117,"column":16},"end":{"line":117,"column":32}},"loc":{"start":{"line":117,"column":36},"end":{"line":153,"column":1}},"line":117}},"branchMap":{"0":{"loc":{"start":{"line":13,"column":3},"end":{"line":14,"column":62}},"type":"if","locations":[{"start":{"line":13,"column":3},"end":{"line":14,"column":62}},{"start":{},"end":{}}],"line":13},"1":{"loc":{"start":{"line":29,"column":3},"end":{"line":30,"column":41}},"type":"if","locations":[{"start":{"line":29,"column":3},"end":{"line":30,"column":41}},{"start":{},"end":{}}],"line":29},"2":{"loc":{"start":{"line":33,"column":3},"end":{"line":34,"column":44}},"type":"if","locations":[{"start":{"line":33,"column":3},"end":{"line":34,"column":44}},{"start":{},"end":{}}],"line":33},"3":{"loc":{"start":{"line":37,"column":3},"end":{"line":38,"column":42}},"type":"if","locations":[{"start":{"line":37,"column":3},"end":{"line":38,"column":42}},{"start":{},"end":{}}],"line":37},"4":{"loc":{"start":{"line":41,"column":3},"end":{"line":42,"column":45}},"type":"if","locations":[{"start":{"line":41,"column":3},"end":{"line":42,"column":45}},{"start":{},"end":{}}],"line":41},"5":{"loc":{"start":{"line":45,"column":3},"end":{"line":46,"column":44}},"type":"if","locations":[{"start":{"line":45,"column":3},"end":{"line":46,"column":44}},{"start":{},"end":{}}],"line":45},"6":{"loc":{"start":{"line":50,"column":3},"end":{"line":51,"column":48}},"type":"if","locations":[{"start":{"line":50,"column":3},"end":{"line":51,"column":48}},{"start":{},"end":{}}],"line":50},"7":{"loc":{"start":{"line":54,"column":3},"end":{"line":55,"column":49}},"type":"if","locations":[{"start":{"line":54,"column":3},"end":{"line":55,"column":49}},{"start":{},"end":{}}],"line":54},"8":{"loc":{"start":{"line":62,"column":23},"end":{"line":62,"column":48}},"type":"binary-expr","locations":[{"start":{"line":62,"column":23},"end":{"line":62,"column":33}},{"start":{"line":62,"column":37},"end":{"line":62,"column":48}}],"line":62},"9":{"loc":{"start":{"line":63,"column":21},"end":{"line":63,"column":49}},"type":"binary-expr","locations":[{"start":{"line":63,"column":21},"end":{"line":63,"column":33}},{"start":{"line":63,"column":37},"end":{"line":63,"column":49}}],"line":63},"10":{"loc":{"start":{"line":64,"column":21},"end":{"line":64,"column":49}},"type":"binary-expr","locations":[{"start":{"line":64,"column":21},"end":{"line":64,"column":33}},{"start":{"line":64,"column":37},"end":{"line":64,"column":49}}],"line":64},"11":{"loc":{"start":{"line":66,"column":3},"end":{"line":67,"column":49}},"type":"if","locations":[{"start":{"line":66,"column":3},"end":{"line":67,"column":49}},{"start":{},"end":{}}],"line":66},"12":{"loc":{"start":{"line":66,"column":7},"end":{"line":66,"column":60}},"type":"binary-expr","locations":[{"start":{"line":66,"column":7},"end":{"line":66,"column":19}},{"start":{"line":66,"column":22},"end":{"line":66,"column":32}},{"start":{"line":66,"column":36},"end":{"line":66,"column":46}},{"start":{"line":66,"column":50},"end":{"line":66,"column":60}}],"line":66},"13":{"loc":{"start":{"line":70,"column":3},"end":{"line":71,"column":51}},"type":"if","locations":[{"start":{"line":70,"column":3},"end":{"line":71,"column":51}},{"start":{},"end":{}}],"line":70},"14":{"loc":{"start":{"line":85,"column":4},"end":{"line":86,"column":64}},"type":"if","locations":[{"start":{"line":85,"column":4},"end":{"line":86,"column":64}},{"start":{},"end":{}}],"line":85},"15":{"loc":{"start":{"line":89,"column":4},"end":{"line":90,"column":50}},"type":"if","locations":[{"start":{"line":89,"column":4},"end":{"line":90,"column":50}},{"start":{},"end":{}}],"line":89},"16":{"loc":{"start":{"line":93,"column":3},"end":{"line":94,"column":45}},"type":"if","locations":[{"start":{"line":93,"column":3},"end":{"line":94,"column":45}},{"start":{},"end":{}}],"line":93},"17":{"loc":{"start":{"line":97,"column":3},"end":{"line":98,"column":47}},"type":"if","locations":[{"start":{"line":97,"column":3},"end":{"line":98,"column":47}},{"start":{},"end":{}}],"line":97},"18":{"loc":{"start":{"line":102,"column":3},"end":{"line":103,"column":46}},"type":"if","locations":[{"start":{"line":102,"column":3},"end":{"line":103,"column":46}},{"start":{},"end":{}}],"line":102},"19":{"loc":{"start":{"line":119,"column":3},"end":{"line":120,"column":46}},"type":"if","locations":[{"start":{"line":119,"column":3},"end":{"line":120,"column":46}},{"start":{},"end":{}}],"line":119},"20":{"loc":{"start":{"line":123,"column":3},"end":{"line":124,"column":44}},"type":"if","locations":[{"start":{"line":123,"column":3},"end":{"line":124,"column":44}},{"start":{},"end":{}}],"line":123},"21":{"loc":{"start":{"line":127,"column":3},"end":{"line":128,"column":43}},"type":"if","locations":[{"start":{"line":127,"column":3},"end":{"line":128,"column":43}},{"start":{},"end":{}}],"line":127},"22":{"loc":{"start":{"line":127,"column":7},"end":{"line":127,"column":26}},"type":"binary-expr","locations":[{"start":{"line":127,"column":7},"end":{"line":127,"column":14}},{"start":{"line":127,"column":18},"end":{"line":127,"column":26}}],"line":127},"23":{"loc":{"start":{"line":131,"column":3},"end":{"line":132,"column":48}},"type":"if","locations":[{"start":{"line":131,"column":3},"end":{"line":132,"column":48}},{"start":{},"end":{}}],"line":131},"24":{"loc":{"start":{"line":131,"column":7},"end":{"line":131,"column":64}},"type":"binary-expr","locations":[{"start":{"line":131,"column":7},"end":{"line":131,"column":33}},{"start":{"line":131,"column":37},"end":{"line":131,"column":64}}],"line":131},"25":{"loc":{"start":{"line":135,"column":3},"end":{"line":136,"column":52}},"type":"if","locations":[{"start":{"line":135,"column":3},"end":{"line":136,"column":52}},{"start":{},"end":{}}],"line":135},"26":{"loc":{"start":{"line":135,"column":7},"end":{"line":135,"column":52}},"type":"binary-expr","locations":[{"start":{"line":135,"column":7},"end":{"line":135,"column":27}},{"start":{"line":135,"column":31},"end":{"line":135,"column":52}}],"line":135},"27":{"loc":{"start":{"line":140,"column":3},"end":{"line":141,"column":48}},"type":"if","locations":[{"start":{"line":140,"column":3},"end":{"line":141,"column":48}},{"start":{},"end":{}}],"line":140},"28":{"loc":{"start":{"line":140,"column":7},"end":{"line":140,"column":66}},"type":"binary-expr","locations":[{"start":{"line":140,"column":7},"end":{"line":140,"column":34}},{"start":{"line":140,"column":38},"end":{"line":140,"column":66}}],"line":140},"29":{"loc":{"start":{"line":144,"column":3},"end":{"line":145,"column":48}},"type":"if","locations":[{"start":{"line":144,"column":3},"end":{"line":145,"column":48}},{"start":{},"end":{}}],"line":144},"30":{"loc":{"start":{"line":144,"column":7},"end":{"line":144,"column":46}},"type":"binary-expr","locations":[{"start":{"line":144,"column":7},"end":{"line":144,"column":24}},{"start":{"line":144,"column":28},"end":{"line":144,"column":46}}],"line":144},"31":{"loc":{"start":{"line":149,"column":3},"end":{"line":150,"column":48}},"type":"if","locations":[{"start":{"line":149,"column":3},"end":{"line":150,"column":48}},{"start":{},"end":{}}],"line":149},"32":{"loc":{"start":{"line":149,"column":7},"end":{"line":149,"column":67}},"type":"binary-expr","locations":[{"start":{"line":149,"column":7},"end":{"line":149,"column":35}},{"start":{"line":149,"column":38},"end":{"line":149,"column":67}}],"line":149}},"s":{"0":4,"1":4,"2":2,"3":2,"4":20,"5":2,"6":18,"7":2,"8":16,"9":2,"10":14,"11":1,"12":13,"13":1,"14":12,"15":12,"16":2,"17":10,"18":2,"19":8,"20":8,"21":8,"22":8,"23":8,"24":8,"25":5,"26":3,"27":3,"28":1,"29":2,"30":21,"31":3,"32":18,"33":2,"34":16,"35":1,"36":15,"37":1,"38":14,"39":14,"40":10,"41":4,"42":25,"43":1,"44":24,"45":2,"46":22,"47":2,"48":20,"49":3,"50":17,"51":3,"52":14,"53":14,"54":3,"55":11,"56":3,"57":8,"58":8,"59":1,"60":7},"f":{"0":4,"1":20,"2":21,"3":25},"b":{"0":[2,2],"1":[2,18],"2":[2,16],"3":[2,14],"4":[1,13],"5":[1,12],"6":[2,10],"7":[2,8],"8":[8,7],"9":[8,4],"10":[8,2],"11":[5,3],"12":[8,7,7,6],"13":[1,2],"14":[3,18],"15":[2,16],"16":[1,15],"17":[1,14],"18":[10,4],"19":[1,24],"20":[2,22],"21":[2,20],"22":[22,21],"23":[3,17],"24":[20,18],"25":[3,14],"26":[17,15],"27":[3,11],"28":[14,12],"29":[3,8],"30":[11,9],"31":[1,7],"32":[8,7]},"_coverageSchema":"1a1c01bbd47fc00a2c39e90264f33305004495a9","hash":"89ea5b7b23a4455724d80244ca482a415e5fa880"}
}
