TN:
SF:module.js
FN:8,calculateAge
FNF:1
FNH:1
FNDA:16,calculateAge
DA:10,16
DA:11,2
DA:14,14
DA:15,2
DA:18,12
DA:19,1
DA:22,11
DA:23,3
DA:25,8
DA:26,8
DA:27,8
LF:11
LH:11
BRDA:10,0,0,2
BRDA:10,0,1,14
BRDA:14,1,0,2
BRDA:14,1,1,12
BRDA:18,2,0,1
BRDA:18,2,1,11
BRDA:22,3,0,3
BRDA:22,3,1,8
BRDA:22,4,0,11
BRDA:22,4,1,9
BRF:10
BRH:10
end_of_record
TN:
SF:validator.js
FN:10,validateAge
FN:27,validateCodePostal
FN:83,validateEmail
FN:117,validateIdentity
FNF:4
FNH:4
FNDA:4,validateAge
FNDA:20,validateCodePostal
FNDA:21,validateEmail
FNDA:25,validateIdentity
DA:11,4
DA:13,4
DA:14,2
DA:16,2
DA:29,20
DA:30,2
DA:33,18
DA:34,2
DA:37,16
DA:38,2
DA:41,14
DA:42,1
DA:45,13
DA:46,1
DA:49,12
DA:50,12
DA:51,2
DA:54,10
DA:55,2
DA:58,8
DA:59,8
DA:62,8
DA:63,8
DA:64,8
DA:66,8
DA:67,5
DA:69,3
DA:70,3
DA:71,1
DA:73,2
DA:85,21
DA:86,3
DA:89,18
DA:90,2
DA:93,16
DA:94,1
DA:97,15
DA:98,1
DA:101,14
DA:102,14
DA:103,10
DA:105,4
DA:119,25
DA:120,1
DA:123,24
DA:124,2
DA:127,22
DA:128,2
DA:131,20
DA:132,3
DA:135,17
DA:136,3
DA:139,14
DA:140,14
DA:141,3
DA:144,11
DA:145,3
DA:148,8
DA:149,8
DA:150,1
DA:152,7
LF:61
LH:61
BRDA:13,0,0,2
BRDA:13,0,1,2
BRDA:29,1,0,2
BRDA:29,1,1,18
BRDA:33,2,0,2
BRDA:33,2,1,16
BRDA:37,3,0,2
BRDA:37,3,1,14
BRDA:41,4,0,1
BRDA:41,4,1,13
BRDA:45,5,0,1
BRDA:45,5,1,12
BRDA:50,6,0,2
BRDA:50,6,1,10
BRDA:54,7,0,2
BRDA:54,7,1,8
BRDA:62,8,0,8
BRDA:62,8,1,7
BRDA:63,9,0,8
BRDA:63,9,1,4
BRDA:64,10,0,8
BRDA:64,10,1,2
BRDA:66,11,0,5
BRDA:66,11,1,3
BRDA:66,12,0,8
BRDA:66,12,1,7
BRDA:66,12,2,7
BRDA:66,12,3,6
BRDA:70,13,0,1
BRDA:70,13,1,2
BRDA:85,14,0,3
BRDA:85,14,1,18
BRDA:89,15,0,2
BRDA:89,15,1,16
BRDA:93,16,0,1
BRDA:93,16,1,15
BRDA:97,17,0,1
BRDA:97,17,1,14
BRDA:102,18,0,10
BRDA:102,18,1,4
BRDA:119,19,0,1
BRDA:119,19,1,24
BRDA:123,20,0,2
BRDA:123,20,1,22
BRDA:127,21,0,2
BRDA:127,21,1,20
BRDA:127,22,0,22
BRDA:127,22,1,21
BRDA:131,23,0,3
BRDA:131,23,1,17
BRDA:131,24,0,20
BRDA:131,24,1,18
BRDA:135,25,0,3
BRDA:135,25,1,14
BRDA:135,26,0,17
BRDA:135,26,1,15
BRDA:140,27,0,3
BRDA:140,27,1,11
BRDA:140,28,0,14
BRDA:140,28,1,12
BRDA:144,29,0,3
BRDA:144,29,1,8
BRDA:144,30,0,11
BRDA:144,30,1,9
BRDA:149,31,0,1
BRDA:149,31,1,7
BRDA:149,32,0,8
BRDA:149,32,1,7
BRF:68
BRH:68
end_of_record
